---nkqtzItF---A--
[28/Jan/2020:11:51:03 +0000] 158021226354.224016 131.165.177.65 18942 172.26.0.16 443
---nkqtzItF---B--
POST /flows HTTP/2.0
origin: https://nodered.frb-data.dk
user-agent: Mozilla/5.0 (Windows NT 10.0; Win64; x64) AppleWebKit/537.36 (KHTML, like Gecko) Chrome/79.0.3945.130 Safari/537.36
sec-fetch-site: same-origin
accept: */*
node-red-deployment-type: flows
node-red-api-version: v2
x-requested-with: XMLHttpRequest
authorization: Bearer 1iFut1B5gEvkH6P7Ybd3oUKr3rlehTfUuFGTYBJg6XkfwK7a5vjwZIeoCWr7XUiBnDnKQI2spvZvTK7YAdymqNQdIH6TE4O9ZYkxJfTYe2zf5wWGhHYHX0U25yo2jccJ
content-type: application/json; charset=UTF-8
content-length: 72321
host: nodered.frb-data.dk
sec-fetch-mode: cors
referer: https://nodered.frb-data.dk/
accept-encoding: gzip, deflate, br
accept-language: en-US,en;q=0.9,da;q=0.8,de;q=0.7

---nkqtzItF---D--

---nkqtzItF---F--
HTTP/2.0 200
X-Frame-Options: SAMEORIGIN
ETag: W/"2a-lK7ZqJkXkTTLLjVZ0qqDME8Uj1Y"
Strict-Transport-Security: max-age=63072000; includeSubDomains; preload
Connection: close
X-Content-Type-Options: nosniff
Access-Control-Allow-Origin: *
Content-Type: application/json; charset=utf-8
Content-Length: 42
Date: Tue, 28 Jan 2020 11:51:05 GMT
Server: nginx
Expect-CT: enforce, max-age=3600
Referrer-Policy: strict-origin-when-cross-origin

---nkqtzItF---H--
ModSecurity: Warning. detected SQLi using libinjection. [file "/usr/local/owasp-modsecurity-crs-3.2.0/rules/REQUEST-942-APPLICATION-ATTACK-SQLI.conf"] [line "45"] [id "942100"] [rev ""] [msg "SQL Injection Attack Detected via libinjection"] [data "Matched Data: Enknk found within ARGS:json.flows.array_143.rules.array_0.to: select thets as ts, h878, nedbor from generate_series( \x09to_timestamp((round(extract('epoch' from now())/600)*600)) - interv (613 characters omitted)"] [severity "2"] [ver "OWASP_CRS/3.2.0"] [maturity "0"] [accuracy "0"] [hostname "172.26.0.16"] [uri "/flows"] [unique_id "158021226354.224016"] [ref "v38,736"]
ModSecurity: Warning. detected SQLi using libinjection. [file "/usr/local/owasp-modsecurity-crs-3.2.0/rules/REQUEST-942-APPLICATION-ATTACK-SQLI.conf"] [line "45"] [id "942100"] [rev ""] [msg "SQL Injection Attack Detected via libinjection"] [data "Matched Data: Tn(s) found within ARGS:json.flows.array_108.template: insert into climate.rain_gauge("timestamp", device_id, precipitation_in_interval, "interval", accumulated_precipitation_a_lsb, accu (176 characters omitted)"] [severity "2"] [ver "OWASP_CRS/3.2.0"] [maturity "0"] [accuracy "0"] [hostname "172.26.0.16"] [uri "/flows"] [unique_id "158021226354.224016"] [ref "v30,307"]
ModSecurity: Warning. detected SQLi using libinjection. [file "/usr/local/owasp-modsecurity-crs-3.2.0/rules/REQUEST-942-APPLICATION-ATTACK-SQLI.conf"] [line "45"] [id "942100"] [rev ""] [msg "SQL Injection Attack Detected via libinjection"] [data "Matched Data: Tn(s) found within ARGS:json.flows.array_24.template: insert into climate.water_level("timestamp", pressure, temperature, battery, device_id) \x0avalues ($ts, $pressure, $temperature, $batt (16 characters omitted)"] [severity "2"] [ver "OWASP_CRS/3.2.0"] [maturity "0"] [accuracy "0"] [hostname "172.26.0.16"] [uri "/flows"] [unique_id "158021226354.224016"] [ref "v29,148"]
ModSecurity: Warning. detected SQLi using libinjection. [file "/usr/local/owasp-modsecurity-crs-3.2.0/rules/REQUEST-942-APPLICATION-ATTACK-SQLI.conf"] [line "45"] [id "942100"] [rev ""] [msg "SQL Injection Attack Detected via libinjection"] [data "Matched Data: Tn(s) found within ARGS:json.flows.array_188.template: insert into climate.water_level("timestamp", pressure, temperature, battery, device_id) \x0avalues ($ts, $pressure, $temperature, $bat (17 characters omitted)"] [severity "2"] [ver "OWASP_CRS/3.2.0"] [maturity "0"] [accuracy "0"] [hostname "172.26.0.16"] [uri "/flows"] [unique_id "158021226354.224016"] [ref "v30,148"]

---nkqtzItF---I--

---nkqtzItF---J--

---nkqtzItF---Z--

