---eRZXDlgp---A--
[28/Jan/2020:11:52:35 +0000] 158021235523.280505 131.165.177.65 52142 172.26.0.16 443
---eRZXDlgp---B--
GET /?a=v%20or%201=1 HTTP/2.0
host: th.frb-data.dk
sec-fetch-mode: navigate
upgrade-insecure-requests: 1
user-agent: Mozilla/5.0 (Windows NT 10.0; Win64; x64) AppleWebKit/537.36 (KHTML, like Gecko) Chrome/79.0.3945.130 Safari/537.36
accept: text/html,application/xhtml+xml,application/xml;q=0.9,image/webp,image/apng,*/*;q=0.8,application/signed-exchange;v=b3;q=0.9
sec-fetch-site: none
accept-encoding: gzip, deflate, br
accept-language: en-US,en;q=0.9,da;q=0.8,de;q=0.7

---eRZXDlgp---D--

---eRZXDlgp---E--
<html>\x0d\x0a<head><title>403 Forbidden</title></head>\x0d\x0a<body>\x0d\x0a<center><h1>403 Forbidden</h1></center>\x0d\x0a<hr><center>nginx</center>\x0d\x0a</body>\x0d\x0a</html>\x0d\x0a<!-- a padding to disable MSIE and Chrome friendly error page -->\x0d\x0a<!-- a padding to disable MSIE and Chrome friendly error page -->\x0d\x0a<!-- a padding to disable MSIE and Chrome friendly error page -->\x0d\x0a<!-- a padding to disable MSIE and Chrome friendly error page -->\x0d\x0a<!-- a padding to disable MSIE and Chrome friendly error page -->\x0d\x0a<!-- a padding to disable MSIE and Chrome friendly error page -->\x0d\x0a

---eRZXDlgp---F--
HTTP/2.0 403
Server: nginx
Date: Tue, 28 Jan 2020 11:52:35 GMT
Content-Length: 548
Content-Type: text/html
Connection: close
Strict-Transport-Security: max-age=63072000; includeSubDomains; preload

---eRZXDlgp---H--
ModSecurity: Warning. detected SQLi using libinjection. [file "/usr/local/owasp-modsecurity-crs-3.2.0/rules/REQUEST-942-APPLICATION-ATTACK-SQLI.conf"] [line "45"] [id "942100"] [rev ""] [msg "SQL Injection Attack Detected via libinjection"] [data "Matched Data: n&1 found within ARGS:a: v or 1=1"] [severity "2"] [ver "OWASP_CRS/3.2.0"] [maturity "0"] [accuracy "0"] [hostname "172.26.0.16"] [uri "/"] [unique_id "158021235523.280505"] [ref "v8,8"]
ModSecurity: Access denied with code 403 (phase 2). Matched "Operator `Ge' with parameter `5' against variable `TX:ANOMALY_SCORE' (Value: `5' ) [file "/usr/local/owasp-modsecurity-crs-3.2.0/rules/REQUEST-949-BLOCKING-EVALUATION.conf"] [line "79"] [id "949110"] [rev ""] [msg "Inbound Anomaly Score Exceeded (Total Score: 5)"] [data ""] [severity "2"] [ver ""] [maturity "0"] [accuracy "0"] [tag "application-multi"] [tag "language-multi"] [tag "platform-multi"] [tag "attack-generic"] [hostname "172.26.0.16"] [uri "/"] [unique_id "158021235523.280505"] [ref ""]

---eRZXDlgp---I--

---eRZXDlgp---J--

---eRZXDlgp---Z--

